The SAS System                                                                                   23:24 Tuesday, October 25, 2016   1

Variable
-----------
periodicity
seasonadj  
geo_level  
geography  
ind_level  
industry   
ownercode  
sex        
agegrp     
race       
ethnicity  
education  
firmage    
firmsize   
year       
quarter    
The SAS System                                                                                   23:24 Tuesday, October 25, 2016   2

The FREQ Procedure

             Group: Industry level of aggregation
 
                                      Cumulative    Cumulative
ind_level    Frequency     Percent     Frequency      Percent
--------------------------------------------------------------
4              873936      100.00        873936       100.00  
Should be no 2s                                                                                  23:24 Tuesday, October 25, 2016   3

The FREQ Procedure

                                   Cumulative    Cumulative
_merge    Frequency     Percent     Frequency      Percent
-----------------------------------------------------------
     1      739152       84.58        739152        84.58  
     2           4        0.00        739156        84.58  
     3      134784       15.42        873940       100.00  
Should be no 2s                                                                                  23:24 Tuesday, October 25, 2016   4

       p
       e                                                                     h         o         o
       r s g g i      o       e e                                            k         e         e
       i e e e n  i   w       t d   f                                        r         s         s
       o a o o d  n   n       h u f i   q                                    0         1         1             f
       d s _ g _  d   e   a   n c i r   u _ _                                5         2         4     _   f a e
       i o l r l  u   r   g   i a r m   a T F                     n          h         h         h     m   e g m
       c n e a e  s   c   e r c t m s y r Y R                     a          t         t         t     e   m e _
   O   i a v p v  t   o s g a i i a i e t P E                     i          l         l         l     r   a n a
   b   t d e h e  r   d e r c t o g z a e E Q       c c j j       c          v         v         v     g h l u g
   s   y j l y l  y   e x p e y n e e r r _ _ b e f a s c d       s          l         l         l     e t e m e

572833           5161                 . . . . . . . . . . .         5161 Level I                       2 0 0 . .
578450           5173                 . . . . . . . . . . .         5173 Level III                     2 0 0 . .
584067           5181                 . . . . . . . . . . .         5181 Level I                       2 0 0 . .
873940           9999                 . . . . . . . . . . .         9999 Level II                      2 0 0 . .
Means of select variables, by HT status                                                          23:24 Tuesday, October 25, 2016   5

The MEANS Procedure

          ht   N Obs  Variable  Label                                   N          Mean       Std Dev       Minimum       Maximum
---------------------------------------------------------------------------------------------------------------------------------
           0   56832  b         Employment: Counts                  55982     128799.23     295972.75             0    5216356.00
                      e         Employment end-of-quarter: Counts   55900     129606.58     297505.95             0    5291575.00
                      f         Employment stable jobs: Counts      55484     109411.77     244051.87             0    3972031.00
                      ca        End-of-quarter hires                55332      19758.63      61518.72             0    1319544.00
                      cs        Beginning-of-quarter separations    55425      18678.60      58496.74             0    1270696.00
                      jc        Firm Job Gains: Counts              55316       9007.45      23545.43             0     540910.00
                      jd        Firm Job Loss: Counts               55316       7958.62      20599.91             0     433452.00
                      female                                        56832     0.5000000     0.5000044             0     1.0000000

           1    7904  b         Employment: Counts                   7819     135386.04     202852.92             0    1233306.00
                      e         Employment end-of-quarter: Counts    7822     135693.87     203306.08             0    1236567.00
                      f         Employment stable jobs: Counts       7747     124128.75     184722.56             0    1106933.00
                      ca        End-of-quarter hires                 7746      11290.26      19865.24             0     147317.00
                      cs        Beginning-of-quarter separations     7743      10604.64      18100.33             0     123045.00
                      jc        Firm Job Gains: Counts               7743       6004.10      10733.67             0      93984.00
                      jd        Firm Job Loss: Counts                7743       5318.77       8987.92             0      82276.00
                      female                                         7904     0.5000000     0.5000316             0     1.0000000
---------------------------------------------------------------------------------------------------------------------------------
Distribution of age groups, weighted by employment, by HT status                                 23:24 Tuesday, October 25, 2016   6

The FREQ Procedure

Table of agegrp by ht

agegrp(Group: Age group)     ht

Frequency|
Percent  |
Row Pct  |
Col Pct  |       0|       1|  Total
---------+--------+--------+
A01      |2.549E8 |6004413 |2.609E8
         |   3.08 |   0.07 |   3.16
         |  97.70 |   2.30 |
         |   3.54 |   0.57 |
---------+--------+--------+
A02      | 4.42E8 |2.009E7 |4.621E8
         |   5.35 |   0.24 |   5.59
         |  95.65 |   4.35 |
         |   6.13 |   1.90 |
---------+--------+--------+
A03      |5.023E8 |4.448E7 |5.467E8
         |   6.07 |   0.54 |   6.61
         |  91.87 |   8.13 |
         |   6.97 |   4.20 |
---------+--------+--------+
A04      |1.684E9 |2.564E8 | 1.94E9
         |  20.36 |   3.10 |  23.46
         |  86.78 |  13.22 |
         |  23.35 |  24.22 |
---------+--------+--------+
A05      |1.677E9 |2.978E8 |1.975E9
         |  20.28 |   3.60 |  23.88
         |  84.92 |  15.08 |
         |  23.26 |  28.13 |
---------+--------+--------+
A06      |1.493E9 |2.692E8 |1.762E9
         |  18.06 |   3.26 |  21.31
         |  84.72 |  15.28 |
         |  20.71 |  25.43 |
---------+--------+--------+
A07      | 8.65E8 |1.394E8 |1.004E9
         |  10.46 |   1.69 |  12.15
         |  86.12 |  13.88 |
         |  12.00 |  13.17 |
---------+--------+--------+
A08      | 2.92E8 |2.517E7 |3.172E8
         |   3.53 |   0.30 |   3.84
         |  92.07 |   7.93 |
         |   4.05 |   2.38 |
---------+--------+--------+
Total      7.21E9  1.059E9  8.269E9
            87.20    12.80   100.00
Distribution of sex-age groups, weighted by employment, by HT status                             23:24 Tuesday, October 25, 2016   7

The FREQ Procedure

Table of fem_age by ht

fem_age     ht

Frequency|
Percent  |
Row Pct  |
Col Pct  |       0|       1|  Total
---------+--------+--------+
       1 | 1.21E8 |3075474 |1.241E8
         |   1.46 |   0.04 |   1.50
         |  97.52 |   2.48 |
         |   1.68 |   0.29 |
---------+--------+--------+
       2 |2.136E8 | 1.08E7 |2.244E8
         |   2.58 |   0.13 |   2.71
         |  95.19 |   4.81 |
         |   2.96 |   1.02 |
---------+--------+--------+
       3 |2.487E8 | 2.45E7 |2.732E8
         |   3.01 |   0.30 |   3.30
         |  91.03 |   8.97 |
         |   3.45 |   2.31 |
---------+--------+--------+
       4 |8.783E8 |1.518E8 | 1.03E9
         |  10.62 |   1.84 |  12.46
         |  85.27 |  14.73 |
         |  12.18 |  14.34 |
---------+--------+--------+
       5 |8.814E8 |1.818E8 |1.063E9
         |  10.66 |   2.20 |  12.86
         |  82.90 |  17.10 |
         |  12.23 |  17.18 |
---------+--------+--------+
       6 |7.609E8 |1.651E8 | 9.26E8
         |   9.20 |   2.00 |  11.20
         |  82.17 |  17.83 |
         |  10.55 |  15.60 |
---------+--------+--------+
       7 |4.397E8 |8.829E7 | 5.28E8
         |   5.32 |   1.07 |   6.39
         |  83.28 |  16.72 |
         |   6.10 |   8.34 |
---------+--------+--------+
       8 |1.532E8 |1.623E7 |1.694E8
         |   1.85 |   0.20 |   2.05
         |  90.42 |   9.58 |
         |   2.13 |   1.53 |
---------+--------+--------+
Total     7.209E9  1.058E9  8.268E9
            87.20    12.80   100.00
(Continued)
Distribution of sex-age groups, weighted by employment, by HT status                             23:24 Tuesday, October 25, 2016   8

The FREQ Procedure

Table of fem_age by ht

fem_age     ht

Frequency|
Percent  |
Row Pct  |
Col Pct  |       0|       1|  Total
---------+--------+--------+
      11 |1.337E8 |2885597 |1.366E8
         |   1.62 |   0.03 |   1.65
         |  97.89 |   2.11 |
         |   1.85 |   0.27 |
---------+--------+--------+
      12 |2.283E8 |9266353 |2.375E8
         |   2.76 |   0.11 |   2.87
         |  96.10 |   3.90 |
         |   3.17 |   0.88 |
---------+--------+--------+
      13 |2.535E8 |1.996E7 |2.734E8
         |   3.07 |   0.24 |   3.31
         |  92.70 |   7.30 |
         |   3.52 |   1.89 |
---------+--------+--------+
      14 |8.053E8 |1.046E8 |9.099E8
         |   9.74 |   1.27 |  11.01
         |  88.50 |  11.50 |
         |  11.17 |   9.88 |
---------+--------+--------+
      15 |7.957E8 | 1.16E8 |9.117E8
         |   9.62 |   1.40 |  11.03
         |  87.28 |  12.72 |
         |  11.04 |  10.96 |
---------+--------+--------+
      16 |7.322E8 |1.041E8 |8.362E8
         |   8.86 |   1.26 |  10.11
         |  87.56 |  12.44 |
         |  10.16 |   9.83 |
---------+--------+--------+
      17 |4.252E8 |5.111E7 |4.763E8
         |   5.14 |   0.62 |   5.76
         |  89.27 |  10.73 |
         |   5.90 |   4.83 |
---------+--------+--------+
      18 |1.386E8 |8907833 |1.475E8
         |   1.68 |   0.11 |   1.78
         |  93.96 |   6.04 |
         |   1.92 |   0.84 |
---------+--------+--------+
Total     7.209E9  1.058E9  8.268E9
            87.20    12.80   100.00
