The SAS System                                                                                    15:54 Monday, November 7, 2016   1

Variable
-----------
periodicity
seasonadj  
geo_level  
geography  
ind_level  
industry   
ownercode  
sex        
agegrp     
race       
ethnicity  
education  
firmage    
firmsize   
year       
quarter    
The SAS System                                                                                    15:54 Monday, November 7, 2016   2

Obs    geography    state

  1       06         CA  
  2       08         CO  
  3       16         ID  
  4       17         IL  
  5       20         KS  
  6       22         LA  
  7       24         MD  
  8       27         MN  
  9       29         MO  
 10       30         MT  
 11       37         NC  
 12       41         OR  
 13       44         RI  
 14       48         TX  
 15       53         WA  
 16       55         WI  
